2025-12-13 07:37:35,852 - INFO - Logging is configured. Log file: logs/amazon_api_20251213_073735.log
2025-12-13 07:37:35,852 - INFO - All CSV files initialized.
2025-12-13 07:37:35,852 - INFO - Starting product data check...
2025-12-13 07:37:39,445 - INFO - Saved to product_data: boAt Nirvana Zenith Pro (2025) at 2699.0 INR, Rating: 4.0, Reviews: 981
2025-12-13 07:37:39,450 - INFO - Saved to product_details: boAt Nirvana Zenith Pro (2025), 50dB Hybrid Adaptive ANC, Spatial Audio, Hi-Res Audio LDAC, 6Mics AI-ENx, 80 Hrs Battery, Bluetooth Earbuds, TWS Ear Buds Wireless Earphones with mic (Platinum Gold)
2025-12-13 07:37:39,452 - INFO - Saved 2 new reviews for ASIN B0DXPL5XHF.
2025-12-13 07:37:42,912 - INFO - Saved to product_data: Noise Air Clips Wireless Open Ear Earbuds with Chrome Finish at 1999.0 INR, Rating: 3.4, Reviews: 2796
2025-12-13 07:37:42,919 - INFO - Saved to product_details: Noise Air Clips Wireless Open Ear Earbuds with Chrome Finish, AirWave™ Technology,Up-to 40H Playtime, Dual Device Pairing, Quad Mic with ENC,12mm Driver,BTv5.4 (Pearl Black)
2025-12-13 07:37:42,920 - INFO - Saved 0 new reviews for ASIN B0DGV56J6G.
2025-12-13 07:37:48,007 - INFO - Saved to product_data: boAt Nirvana Ion ANC Pro at None INR, Rating: 4.0, Reviews: 19960
2025-12-13 07:37:48,016 - INFO - Saved to product_details: boAt Nirvana Ion ANC Pro, Hi-Res Audio LDAC,ANC(~32dB), 120Hrs Battery, App Support, Fast Charge, v5.3 Bluetooth TWS in Ear Earbuds Wireless Earphones with mic (Blazing Comet)
2025-12-13 07:37:48,018 - INFO - Saved 0 new reviews for ASIN 	B0DN171184.
2025-12-13 07:37:51,361 - INFO - Saved to product_data: Noise Newly Launched Air Buds Pro 6 at 2799.0 INR, Rating: 3.5, Reviews: 178
2025-12-13 07:37:51,366 - INFO - Saved to product_details: Noise Newly Launched Air Buds Pro 6 in Ear Truly Wireless Earbuds with Hybrid ANC (up to 49dB), LHDC with 12.4mm Titanium Driver, 50H of Playtime, Google Fast Pair, BT v5.3(Slate Black)
2025-12-13 07:37:51,367 - INFO - Saved 0 new reviews for ASIN B0DHH96NBB.
2025-12-13 07:37:55,077 - INFO - Saved to product_data: boAt Nirvana Ivy at 2199.0 INR, Rating: 3.9, Reviews: 885
2025-12-13 07:37:55,082 - INFO - Saved to product_details: boAt Nirvana Ivy, 50dB Hybrid Active Noise Cancellation, 360º Spatial Audio,Fast Charge,App Support, v5.3 Bluetooth Earbuds, TWS Ear Buds Wireless Earphones with mic (Gunmetal Black)
2025-12-13 07:37:55,084 - INFO - Saved 2 new reviews for ASIN 	B0DBHD2F5R.
2025-12-13 07:37:58,974 - INFO - Saved to product_data: Noise Newly Launched Air Clips 2 at 3499.0 INR, Rating: 3.1, Reviews: 257
2025-12-13 07:37:58,979 - INFO - Saved to product_details: Noise Newly Launched Air Clips 2 Wireless Open Ear Earbuds with Clip Design, AirWave™ Technology,Up-to 40H Playtime, Dual Device Pairing, ENC,12mm Driver,BTv5.3 (Frost Black)
2025-12-13 07:37:58,980 - INFO - Saved 0 new reviews for ASIN 	B0F673HNLP.
2025-12-13 07:38:02,239 - INFO - Saved to product_data: boAt Nirvana X TWS (2025) at 1999.0 INR, Rating: 3.9, Reviews: 850
2025-12-13 07:38:02,244 - INFO - Saved to product_details: boAt Nirvana X TWS (2025),Knowles Dual Drivers,Hi-Res Audio LDAC,App Support,4Mic ENx,Dual Pair,Spatial Audio,Fast Charge, Bluetooth Earbuds, TWS Ear Buds Wireless Earphones with mic (Cosmic Onyx)
2025-12-13 07:38:02,245 - INFO - Saved 0 new reviews for ASIN B0DQKY3R84.
2025-12-13 07:38:05,715 - INFO - Saved to product_data: Noise Newly Launched Air Buds 6 at 2999.0 INR, Rating: 3.9, Reviews: 3462
2025-12-13 07:38:05,722 - INFO - Saved to product_details: Noise Newly Launched Air Buds 6 in-Ear Bluetooth TWS - AI Enabled Smartbuds, ANC (up to 32db), Personalised App, in-Ear Detection, Voice Control, Google Fast Pair, BT v5.3(Pebble Grey)
2025-12-13 07:38:05,723 - INFO - Saved 0 new reviews for ASIN B0DGV55W2K.
2025-12-13 07:38:09,511 - INFO - Saved to product_data: Noise Newly Launched Air Buds Pro 6 in Ear Truly Wireless Earbuds with Hybrid ANC (up to 49dB) at 2799.0 INR, Rating: 3.5, Reviews: 178
2025-12-13 07:38:09,516 - INFO - Saved to product_details: Noise Newly Launched Air Buds Pro 6 in Ear Truly Wireless Earbuds with Hybrid ANC (up to 49dB), LHDC with 12.4mm Titanium Driver, 50H of Playtime, Google Fast Pair, BT v5.3(Petal Pink)
2025-12-13 07:38:09,518 - INFO - Saved 0 new reviews for ASIN B0DHHDW7FV.
