2026-01-14 14:48:19,270 - INFO - Logging is configured. Log file: logs/amazon_api_20260114_144819.log
2026-01-14 14:48:19,270 - INFO - All CSV files initialized.
2026-01-14 14:48:19,270 - INFO - Starting product data check...
2026-01-14 14:48:22,387 - INFO - Saved to product_data: boAt Nirvana Zenith Pro (2025) at None INR, Rating: 4.0, Reviews: 1197
2026-01-14 14:48:22,395 - INFO - Saved to product_details: boAt Nirvana Zenith Pro(2025),50dB Hybrid Adaptive ANC,Spatial Audio, Hi-Res Audio LDAC,6Mics AI-ENx,80 Hrs Battery,Bluetooth,TWS Ear Buds Wireless Earphones with mic,NoiseCancellation(Platinum Gold)
2026-01-14 14:48:22,397 - INFO - Saved 2 new reviews for ASIN B0DXPL5XHF.
2026-01-14 14:48:25,878 - INFO - Saved to product_data: Noise Air Clips Wireless Open Ear Earbuds with Chrome Finish at 2499.0 INR, Rating: 3.4, Reviews: 2924
2026-01-14 14:48:25,887 - INFO - Saved to product_details: Noise Air Clips Wireless Open Ear Earbuds with Chrome Finish, AirWave™ Technology,Up-to 40H Playtime, Dual Device Pairing, Quad Mic with ENC,12mm Driver,BTv5.4 (Pearl Black)
2026-01-14 14:48:25,889 - INFO - Saved 1 new reviews for ASIN B0DGV56J6G.
2026-01-14 14:48:29,016 - INFO - Saved to product_data: boAt Nirvana Ion ANC Pro at None INR, Rating: 4.0, Reviews: 20843
2026-01-14 14:48:29,024 - INFO - Saved to product_details: boAt Nirvana Ion ANC Pro, Hi-Res Audio LDAC,ANC(~32dB), 120Hrs Battery, App Support, Fast Charge, v5.3 Bluetooth TWS in Ear Earbuds Wireless Earphones with mic (Blazing Comet)
2026-01-14 14:48:29,026 - INFO - Saved 0 new reviews for ASIN 	B0DN171184.
2026-01-14 14:48:31,712 - INFO - Saved to product_data: Noise Newly Launched Air Buds Pro 6 at None INR, Rating: 3.6, Reviews: 211
2026-01-14 14:48:31,721 - INFO - Saved to product_details: Noise Newly Launched Air Buds Pro 6 in Ear Truly Wireless Earbuds with Hybrid ANC (up to 49dB), LHDC with 12.4mm Titanium Driver, 50H of Playtime, Google Fast Pair, BT v5.3(Slate Black)
2026-01-14 14:48:31,723 - INFO - Saved 2 new reviews for ASIN B0DHH96NBB.
2026-01-14 14:48:34,841 - INFO - Saved to product_data: boAt Nirvana Ivy at None INR, Rating: 3.8, Reviews: 948
2026-01-14 14:48:34,850 - INFO - Saved to product_details: boAt Nirvana Ivy, 50dB Hybrid Active Noise Cancellation, 360º Spatial Audio,Fast Charge,App Support, v5.3 Bluetooth Earbuds, TWS Ear Buds Wireless Earphones with mic (Gunmetal Black)
2026-01-14 14:48:34,852 - INFO - Saved 0 new reviews for ASIN 	B0DBHD2F5R.
2026-01-14 14:48:37,974 - INFO - Saved to product_data: Noise Newly Launched Air Clips 2 at None INR, Rating: 3.1, Reviews: 294
2026-01-14 14:48:37,983 - INFO - Saved to product_details: Noise Newly Launched Air Clips 2 Wireless Open Ear Earbuds with Clip Design, AirWave™ Technology,Up-to 40H Playtime, Dual Device Pairing, ENC,12mm Driver,BTv5.3 (Frost Black)
2026-01-14 14:48:37,985 - INFO - Saved 0 new reviews for ASIN 	B0F673HNLP.
2026-01-14 14:48:40,856 - INFO - Saved to product_data: boAt Nirvana X TWS (2025) at None INR, Rating: 3.9, Reviews: 875
2026-01-14 14:48:40,865 - INFO - Saved to product_details: boAt Nirvana X TWS (2025),Knowles Dual Drivers,Hi-Res Audio LDAC,App Support,4Mic ENx,Dual Pair,Spatial Audio,Fast Charge, Bluetooth Earbuds, TWS Ear Buds Wireless Earphones with mic (Cosmic Onyx)
2026-01-14 14:48:40,867 - INFO - Saved 1 new reviews for ASIN B0DQKY3R84.
2026-01-14 14:48:44,070 - INFO - Saved to product_data: Noise Newly Launched Air Buds 6 at 2999.0 INR, Rating: 3.9, Reviews: 3557
2026-01-14 14:48:44,079 - INFO - Saved to product_details: Noise Newly Launched Air Buds 6 in-Ear Bluetooth TWS - AI Enabled Smartbuds, ANC (up to 32db), Personalised App, in-Ear Detection, Voice Control, Google Fast Pair, BT v5.3(Pebble Grey)
2026-01-14 14:48:44,081 - INFO - Saved 0 new reviews for ASIN B0DGV55W2K.
2026-01-14 14:48:47,398 - INFO - Saved to product_data: Noise Newly Launched Air Buds Pro 6 in Ear Truly Wireless Earbuds with Hybrid ANC (up to 49dB) at 3499.0 INR, Rating: 3.6, Reviews: 211
2026-01-14 14:48:47,407 - INFO - Saved to product_details: Noise Newly Launched Air Buds Pro 6 in Ear Truly Wireless Earbuds with Hybrid ANC (up to 49dB), LHDC with 12.4mm Titanium Driver, 50H of Playtime, Google Fast Pair, BT v5.3(Petal Pink)
2026-01-14 14:48:47,409 - INFO - Saved 2 new reviews for ASIN B0DHHDW7FV.
