2025-12-17 14:45:32,524 - INFO - Logging is configured. Log file: logs/amazon_api_20251217_144532.log
2025-12-17 14:45:32,524 - INFO - All CSV files initialized.
2025-12-17 14:45:32,524 - INFO - Starting product data check...
2025-12-17 14:45:35,909 - INFO - Saved to product_data: boAt Nirvana Zenith Pro (2025) at 2699.0 INR, Rating: 4.0, Reviews: 1010
2025-12-17 14:45:35,913 - INFO - Saved to product_details: boAt Nirvana Zenith Pro (2025), 50dB Hybrid Adaptive ANC, Spatial Audio, Hi-Res Audio LDAC, 6Mics AI-ENx, 80 Hrs Battery, Bluetooth Earbuds, TWS Ear Buds Wireless Earphones with mic (Platinum Gold)
2025-12-17 14:45:35,914 - INFO - Saved 2 new reviews for ASIN B0DXPL5XHF.
2025-12-17 14:45:39,301 - INFO - Saved to product_data: Noise Air Clips Wireless Open Ear Earbuds with Chrome Finish at 2799.0 INR, Rating: 3.4, Reviews: 2820
2025-12-17 14:45:39,308 - INFO - Saved to product_details: Noise Air Clips Wireless Open Ear Earbuds with Chrome Finish, AirWave™ Technology,Up-to 40H Playtime, Dual Device Pairing, Quad Mic with ENC,12mm Driver,BTv5.4 (Pearl Black)
2025-12-17 14:45:39,310 - INFO - Saved 2 new reviews for ASIN B0DGV56J6G.
2025-12-17 14:45:42,854 - INFO - Saved to product_data: boAt Nirvana Ion ANC Pro at 2799.0 INR, Rating: 4.0, Reviews: 20099
2025-12-17 14:45:42,862 - INFO - Saved to product_details: boAt Nirvana Ion ANC Pro, Hi-Res Audio LDAC,ANC(~32dB), 120Hrs Battery, App Support, Fast Charge, v5.3 Bluetooth TWS in Ear Earbuds Wireless Earphones with mic (Blazing Comet)
2025-12-17 14:45:42,864 - INFO - Saved 1 new reviews for ASIN 	B0DN171184.
2025-12-17 14:45:46,491 - INFO - Saved to product_data: Noise Newly Launched Air Buds Pro 6 at 3499.0 INR, Rating: 3.5, Reviews: 181
2025-12-17 14:45:46,496 - INFO - Saved to product_details: Noise Newly Launched Air Buds Pro 6 in Ear Truly Wireless Earbuds with Hybrid ANC (up to 49dB), LHDC with 12.4mm Titanium Driver, 50H of Playtime, Google Fast Pair, BT v5.3(Slate Black)
2025-12-17 14:45:46,497 - INFO - Saved 0 new reviews for ASIN B0DHH96NBB.
2025-12-17 14:45:50,300 - INFO - Saved to product_data: boAt Nirvana Ivy at 1999.0 INR, Rating: 3.9, Reviews: 895
2025-12-17 14:45:50,304 - INFO - Saved to product_details: boAt Nirvana Ivy, 50dB Hybrid Active Noise Cancellation, 360º Spatial Audio,Fast Charge,App Support, v5.3 Bluetooth Earbuds, TWS Ear Buds Wireless Earphones with mic (Gunmetal Black)
2025-12-17 14:45:50,306 - INFO - Saved 0 new reviews for ASIN 	B0DBHD2F5R.
2025-12-17 14:45:54,146 - INFO - Saved to product_data: Noise Newly Launched Air Clips 2 at 2999.0 INR, Rating: 3.1, Reviews: 267
2025-12-17 14:45:54,150 - INFO - Saved to product_details: Noise Newly Launched Air Clips 2 Wireless Open Ear Earbuds with Clip Design, AirWave™ Technology,Up-to 40H Playtime, Dual Device Pairing, ENC,12mm Driver,BTv5.3 (Frost Black)
2025-12-17 14:45:54,152 - INFO - Saved 3 new reviews for ASIN 	B0F673HNLP.
2025-12-17 14:45:59,009 - INFO - Saved to product_data: boAt Nirvana X TWS (2025) at 1999.0 INR, Rating: 3.9, Reviews: 854
2025-12-17 14:45:59,014 - INFO - Saved to product_details: boAt Nirvana X TWS (2025),Knowles Dual Drivers,Hi-Res Audio LDAC,App Support,4Mic ENx,Dual Pair,Spatial Audio,Fast Charge, Bluetooth Earbuds, TWS Ear Buds Wireless Earphones with mic (Cosmic Onyx)
2025-12-17 14:45:59,015 - INFO - Saved 0 new reviews for ASIN B0DQKY3R84.
2025-12-17 14:46:02,693 - INFO - Saved to product_data: Noise Newly Launched Air Buds 6 at 2499.0 INR, Rating: 3.9, Reviews: 3478
2025-12-17 14:46:02,699 - INFO - Saved to product_details: Noise Newly Launched Air Buds 6 in-Ear Bluetooth TWS - AI Enabled Smartbuds, ANC (up to 32db), Personalised App, in-Ear Detection, Voice Control, Google Fast Pair, BT v5.3(Pebble Grey)
2025-12-17 14:46:02,700 - INFO - Saved 3 new reviews for ASIN B0DGV55W2K.
2025-12-17 14:46:05,691 - INFO - Saved to product_data: Noise Newly Launched Air Buds Pro 6 in Ear Truly Wireless Earbuds with Hybrid ANC (up to 49dB) at 3499.0 INR, Rating: 3.5, Reviews: 181
2025-12-17 14:46:05,696 - INFO - Saved to product_details: Noise Newly Launched Air Buds Pro 6 in Ear Truly Wireless Earbuds with Hybrid ANC (up to 49dB), LHDC with 12.4mm Titanium Driver, 50H of Playtime, Google Fast Pair, BT v5.3(Petal Pink)
2025-12-17 14:46:05,698 - INFO - Saved 0 new reviews for ASIN B0DHHDW7FV.
