2025-11-20 19:28:47,384 - INFO - Logging is configured. Log file: logs/amazon_api_20251120_192847.log
2025-11-20 19:28:47,385 - INFO - All CSV files initialized.
2025-11-20 19:28:47,385 - INFO - Starting product data check...
2025-11-20 19:28:50,086 - INFO - Saved to product_data: boAt Nirvana Zenith Pro (2025) at 2799.0 INR, Rating: 4.0, Reviews: 861
2025-11-20 19:28:50,088 - INFO - Product details for ASIN B0DXPL5XHF are unchanged. Skipping.
2025-11-20 19:28:50,089 - INFO - Saved 0 new reviews for ASIN B0DXPL5XHF.
2025-11-20 19:28:52,441 - INFO - Saved to product_data: Noise Air Clips Wireless Open Ear Earbuds with Chrome Finish at 1999.0 INR, Rating: 3.4, Reviews: 2683
2025-11-20 19:28:52,442 - INFO - Saved to product_details: Noise Air Clips Wireless Open Ear Earbuds with Chrome Finish, AirWave™ Technology,Up-to 40H Playtime, Dual Device Pairing, Quad Mic with ENC,12mm Driver,BTv5.4 (Pearl Black)
2025-11-20 19:28:52,444 - INFO - Saved 0 new reviews for ASIN B0DGV56J6G.
2025-11-20 19:28:54,685 - INFO - Saved to product_data: boAt Nirvana Ion ANC Pro at 2799.0 INR, Rating: 4.0, Reviews: 19368
2025-11-20 19:28:54,686 - INFO - Product details for ASIN 	B0DN171184 are unchanged. Skipping.
2025-11-20 19:28:54,688 - INFO - Saved 0 new reviews for ASIN 	B0DN171184.
2025-11-20 19:28:56,695 - INFO - Saved to product_data: Noise Newly Launched Air Buds Pro 6 at 2799.0 INR, Rating: 3.5, Reviews: 161
2025-11-20 19:28:56,696 - INFO - Saved to product_details: Noise Newly Launched Air Buds Pro 6 in Ear Truly Wireless Earbuds with Hybrid ANC (up to 49dB), LHDC with 12.4mm Titanium Driver, 50H of Playtime, Google Fast Pair, BT v5.3(Slate Black)
2025-11-20 19:28:56,697 - INFO - Saved 0 new reviews for ASIN B0DHH96NBB.
2025-11-20 19:28:58,761 - INFO - Saved to product_data: boAt Nirvana Ivy at 2999.0 INR, Rating: 3.8, Reviews: 742
2025-11-20 19:28:58,762 - INFO - Product details for ASIN 	B0DBHD2F5R are unchanged. Skipping.
2025-11-20 19:28:58,763 - INFO - Saved 0 new reviews for ASIN 	B0DBHD2F5R.
2025-11-20 19:29:00,983 - INFO - Saved to product_data: Noise Newly Launched Air Clips 2 at 2999.0 INR, Rating: 3.3, Reviews: 225
2025-11-20 19:29:00,985 - INFO - Product details for ASIN 	B0F673HNLP are unchanged. Skipping.
2025-11-20 19:29:00,986 - INFO - Saved 0 new reviews for ASIN 	B0F673HNLP.
2025-11-20 19:29:03,209 - INFO - Saved to product_data: boAt Nirvana X TWS (2025) at 2948.0 INR, Rating: 3.9, Reviews: 827
2025-11-20 19:29:03,211 - INFO - Saved to product_details: boAt Nirvana X TWS (2025),Knowles Dual Drivers,Hi-Res Audio LDAC,App Support,4Mic ENx,Dual Pair,Spatial Audio,Fast Charge, Bluetooth Earbuds, TWS Ear Buds Wireless Earphones with mic (Cosmic Onyx)
2025-11-20 19:29:03,212 - INFO - Saved 0 new reviews for ASIN B0DQKY3R84.
2025-11-20 19:29:05,415 - INFO - Saved to product_data: Noise Newly Launched Air Buds 6 at 2499.0 INR, Rating: 3.9, Reviews: 3406
2025-11-20 19:29:05,416 - INFO - Product details for ASIN B0DGV55W2K are unchanged. Skipping.
2025-11-20 19:29:05,417 - INFO - Saved 0 new reviews for ASIN B0DGV55W2K.
2025-11-20 19:29:07,516 - INFO - Saved to product_data: Noise Newly Launched Air Buds Pro 6 in Ear Truly Wireless Earbuds with Hybrid ANC (up to 49dB) at 2799.0 INR, Rating: 3.5, Reviews: 161
2025-11-20 19:29:07,517 - INFO - Product details for ASIN B0DHHDW7FV are unchanged. Skipping.
2025-11-20 19:29:07,518 - INFO - Saved 0 new reviews for ASIN B0DHHDW7FV.
