2025-12-27 07:36:59,271 - INFO - Logging is configured. Log file: logs/amazon_api_20251227_073659.log
2025-12-27 07:36:59,271 - INFO - All CSV files initialized.
2025-12-27 07:36:59,271 - INFO - Starting product data check...
2025-12-27 07:37:02,857 - INFO - Saved to product_data: boAt Nirvana Zenith Pro (2025) at 2698.0 INR, Rating: 4.0, Reviews: 1086
2025-12-27 07:37:02,864 - INFO - Saved to product_details: boAt Nirvana Zenith Pro (2025), 50dB Hybrid Adaptive ANC, Spatial Audio, Hi-Res Audio LDAC, 6Mics AI-ENx, 80 Hrs Battery, Bluetooth Earbuds, TWS Ear Buds Wireless Earphones with mic (Platinum Gold)
2025-12-27 07:37:02,866 - INFO - Saved 0 new reviews for ASIN B0DXPL5XHF.
2025-12-27 07:37:05,968 - INFO - Saved to product_data: Noise Air Clips Wireless Open Ear Earbuds with Chrome Finish at 1999.0 INR, Rating: 3.4, Reviews: 2854
2025-12-27 07:37:05,975 - INFO - Saved to product_details: Noise Air Clips Wireless Open Ear Earbuds with Chrome Finish, AirWave™ Technology,Up-to 40H Playtime, Dual Device Pairing, Quad Mic with ENC,12mm Driver,BTv5.4 (Pearl Black)
2025-12-27 07:37:05,977 - INFO - Saved 1 new reviews for ASIN B0DGV56J6G.
2025-12-27 07:37:09,519 - INFO - Saved to product_data: boAt Nirvana Ion ANC Pro at 2299.0 INR, Rating: 4.0, Reviews: 20354
2025-12-27 07:37:09,531 - INFO - Saved to product_details: boAt Nirvana Ion ANC Pro, Hi-Res Audio LDAC,ANC(~32dB), 120Hrs Battery, App Support, Fast Charge, v5.3 Bluetooth TWS in Ear Earbuds Wireless Earphones with mic (Blazing Comet)
2025-12-27 07:37:09,534 - INFO - Saved 1 new reviews for ASIN 	B0DN171184.
2025-12-27 07:37:12,894 - INFO - Saved to product_data: Noise Newly Launched Air Buds Pro 6 at 2799.0 INR, Rating: 3.5, Reviews: 192
2025-12-27 07:37:12,900 - INFO - Saved to product_details: Noise Newly Launched Air Buds Pro 6 in Ear Truly Wireless Earbuds with Hybrid ANC (up to 49dB), LHDC with 12.4mm Titanium Driver, 50H of Playtime, Google Fast Pair, BT v5.3(Slate Black)
2025-12-27 07:37:12,902 - INFO - Saved 1 new reviews for ASIN B0DHH96NBB.
2025-12-27 07:37:16,038 - INFO - Saved to product_data: boAt Nirvana Ivy at 1999.0 INR, Rating: 3.9, Reviews: 913
2025-12-27 07:37:16,045 - INFO - Saved to product_details: boAt Nirvana Ivy, 50dB Hybrid Active Noise Cancellation, 360º Spatial Audio,Fast Charge,App Support, v5.3 Bluetooth Earbuds, TWS Ear Buds Wireless Earphones with mic (Gunmetal Black)
2025-12-27 07:37:16,048 - INFO - Saved 1 new reviews for ASIN 	B0DBHD2F5R.
2025-12-27 07:37:19,496 - INFO - Saved to product_data: Noise Newly Launched Air Clips 2 at 2999.0 INR, Rating: 3.1, Reviews: 279
2025-12-27 07:37:19,503 - INFO - Saved to product_details: Noise Newly Launched Air Clips 2 Wireless Open Ear Earbuds with Clip Design, AirWave™ Technology,Up-to 40H Playtime, Dual Device Pairing, ENC,12mm Driver,BTv5.3 (Frost Black)
2025-12-27 07:37:19,505 - INFO - Saved 0 new reviews for ASIN 	B0F673HNLP.
2025-12-27 07:37:22,670 - INFO - Saved to product_data: boAt Nirvana X TWS (2025) at 1999.0 INR, Rating: 3.9, Reviews: 859
2025-12-27 07:37:22,677 - INFO - Saved to product_details: boAt Nirvana X TWS (2025),Knowles Dual Drivers,Hi-Res Audio LDAC,App Support,4Mic ENx,Dual Pair,Spatial Audio,Fast Charge, Bluetooth Earbuds, TWS Ear Buds Wireless Earphones with mic (Cosmic Onyx)
2025-12-27 07:37:22,678 - INFO - Saved 0 new reviews for ASIN B0DQKY3R84.
2025-12-27 07:37:26,199 - INFO - Saved to product_data: Noise Newly Launched Air Buds 6 at 2499.0 INR, Rating: 3.9, Reviews: 3506
2025-12-27 07:37:26,206 - INFO - Saved to product_details: Noise Newly Launched Air Buds 6 in-Ear Bluetooth TWS - AI Enabled Smartbuds, ANC (up to 32db), Personalised App, in-Ear Detection, Voice Control, Google Fast Pair, BT v5.3(Pebble Grey)
2025-12-27 07:37:26,208 - INFO - Saved 0 new reviews for ASIN B0DGV55W2K.
2025-12-27 07:37:29,571 - INFO - Saved to product_data: Noise Newly Launched Air Buds Pro 6 in Ear Truly Wireless Earbuds with Hybrid ANC (up to 49dB) at 2799.0 INR, Rating: 3.5, Reviews: 192
2025-12-27 07:37:29,580 - INFO - Saved to product_details: Noise Newly Launched Air Buds Pro 6 in Ear Truly Wireless Earbuds with Hybrid ANC (up to 49dB), LHDC with 12.4mm Titanium Driver, 50H of Playtime, Google Fast Pair, BT v5.3(Petal Pink)
2025-12-27 07:37:29,582 - INFO - Saved 1 new reviews for ASIN B0DHHDW7FV.
