2026-01-07 14:46:44,599 - INFO - Logging is configured. Log file: logs/amazon_api_20260107_144644.log
2026-01-07 14:46:44,599 - INFO - All CSV files initialized.
2026-01-07 14:46:44,599 - INFO - Starting product data check...
2026-01-07 14:46:47,986 - INFO - Saved to product_data: boAt Nirvana Zenith Pro (2025) at 2978.0 INR, Rating: 4.0, Reviews: 1164
2026-01-07 14:46:47,993 - INFO - Saved to product_details: boAt Nirvana Zenith Pro(2025),50dB Hybrid Adaptive ANC,Spatial Audio, Hi-Res Audio LDAC,6Mics AI-ENx,80 Hrs Battery,Bluetooth,TWS Ear Buds Wireless Earphones with mic,NoiseCancellation(Platinum Gold)
2026-01-07 14:46:47,995 - INFO - Saved 2 new reviews for ASIN B0DXPL5XHF.
2026-01-07 14:46:51,224 - INFO - Saved to product_data: Noise Air Clips Wireless Open Ear Earbuds with Chrome Finish at 1999.0 INR, Rating: 3.4, Reviews: 2895
2026-01-07 14:46:51,232 - INFO - Saved to product_details: Noise Air Clips Wireless Open Ear Earbuds with Chrome Finish, AirWave™ Technology,Up-to 40H Playtime, Dual Device Pairing, Quad Mic with ENC,12mm Driver,BTv5.4 (Pearl Black)
2026-01-07 14:46:51,234 - INFO - Saved 0 new reviews for ASIN B0DGV56J6G.
2026-01-07 14:46:54,789 - INFO - Saved to product_data: boAt Nirvana Ion ANC Pro at 2499.0 INR, Rating: 4.0, Reviews: 20680
2026-01-07 14:46:54,797 - INFO - Saved to product_details: boAt Nirvana Ion ANC Pro, Hi-Res Audio LDAC,ANC(~32dB), 120Hrs Battery, App Support, Fast Charge, v5.3 Bluetooth TWS in Ear Earbuds Wireless Earphones with mic (Blazing Comet)
2026-01-07 14:46:54,799 - INFO - Saved 1 new reviews for ASIN 	B0DN171184.
2026-01-07 14:46:58,445 - INFO - Saved to product_data: Noise Newly Launched Air Buds Pro 6 at 3499.0 INR, Rating: 3.6, Reviews: 202
2026-01-07 14:46:58,453 - INFO - Saved to product_details: Noise Newly Launched Air Buds Pro 6 in Ear Truly Wireless Earbuds with Hybrid ANC (up to 49dB), LHDC with 12.4mm Titanium Driver, 50H of Playtime, Google Fast Pair, BT v5.3(Slate Black)
2026-01-07 14:46:58,455 - INFO - Saved 0 new reviews for ASIN B0DHH96NBB.
2026-01-07 14:47:01,833 - INFO - Saved to product_data: boAt Nirvana Ivy at 1999.0 INR, Rating: 3.9, Reviews: 932
2026-01-07 14:47:01,841 - INFO - Saved to product_details: boAt Nirvana Ivy, 50dB Hybrid Active Noise Cancellation, 360º Spatial Audio,Fast Charge,App Support, v5.3 Bluetooth Earbuds, TWS Ear Buds Wireless Earphones with mic (Gunmetal Black)
2026-01-07 14:47:01,842 - INFO - Saved 2 new reviews for ASIN 	B0DBHD2F5R.
2026-01-07 14:47:05,630 - INFO - Saved to product_data: Noise Newly Launched Air Clips 2 at 2499.0 INR, Rating: 3.1, Reviews: 286
2026-01-07 14:47:05,638 - INFO - Saved to product_details: Noise Newly Launched Air Clips 2 Wireless Open Ear Earbuds with Clip Design, AirWave™ Technology,Up-to 40H Playtime, Dual Device Pairing, ENC,12mm Driver,BTv5.3 (Frost Black)
2026-01-07 14:47:05,640 - INFO - Saved 0 new reviews for ASIN 	B0F673HNLP.
2026-01-07 14:47:09,669 - INFO - Saved to product_data: boAt Nirvana X TWS (2025) at 2999.0 INR, Rating: 3.9, Reviews: 872
2026-01-07 14:47:09,677 - INFO - Saved to product_details: boAt Nirvana X TWS (2025),Knowles Dual Drivers,Hi-Res Audio LDAC,App Support,4Mic ENx,Dual Pair,Spatial Audio,Fast Charge, Bluetooth Earbuds, TWS Ear Buds Wireless Earphones with mic (Cosmic Onyx)
2026-01-07 14:47:09,679 - INFO - Saved 1 new reviews for ASIN B0DQKY3R84.
2026-01-07 14:47:13,095 - INFO - Saved to product_data: Noise Newly Launched Air Buds 6 at 2999.0 INR, Rating: 3.9, Reviews: 3535
2026-01-07 14:47:13,103 - INFO - Saved to product_details: Noise Newly Launched Air Buds 6 in-Ear Bluetooth TWS - AI Enabled Smartbuds, ANC (up to 32db), Personalised App, in-Ear Detection, Voice Control, Google Fast Pair, BT v5.3(Pebble Grey)
2026-01-07 14:47:13,105 - INFO - Saved 0 new reviews for ASIN B0DGV55W2K.
2026-01-07 14:47:16,608 - INFO - Saved to product_data: Noise Newly Launched Air Buds Pro 6 in Ear Truly Wireless Earbuds with Hybrid ANC (up to 49dB) at 3499.0 INR, Rating: 3.6, Reviews: 202
2026-01-07 14:47:16,616 - INFO - Saved to product_details: Noise Newly Launched Air Buds Pro 6 in Ear Truly Wireless Earbuds with Hybrid ANC (up to 49dB), LHDC with 12.4mm Titanium Driver, 50H of Playtime, Google Fast Pair, BT v5.3(Petal Pink)
2026-01-07 14:47:16,618 - INFO - Saved 0 new reviews for ASIN B0DHHDW7FV.
