2025-11-20 18:58:28,387 - INFO - Logging is configured. Log file: logs/amazon_api_20251120_185828.log
2025-11-20 18:58:28,388 - INFO - All CSV files initialized.
2025-11-20 18:58:28,388 - INFO - Starting product data check...
2025-11-20 18:58:30,882 - INFO - Saved to product_data: boAt Nirvana Zenith Pro (2025) at 2799.0 INR, Rating: 4.0, Reviews: 861
2025-11-20 18:58:30,883 - INFO - Saved to product_details: boAt Nirvana Zenith Pro (2025), 50dB Hybrid Adaptive ANC, Spatial Audio, Hi-Res Audio LDAC, 6Mics AI-ENx, 80 Hrs Battery, Bluetooth Earbuds, TWS Ear Buds Wireless Earphones with mic (Platinum Gold)
2025-11-20 18:58:30,883 - INFO - Saved 8 new reviews for ASIN B0DXPL5XHF.
2025-11-20 18:58:33,213 - INFO - Saved to product_data: Noise Air Clips Wireless Open Ear Earbuds with Chrome Finish at 1999.0 INR, Rating: 3.4, Reviews: 2683
2025-11-20 18:58:33,214 - INFO - Saved to product_details: Noise Air Clips Wireless Open Ear Earbuds with Chrome Finish, AirWave™ Technology,Up-to 40H Playtime, Dual Device Pairing, Quad Mic with ENC,12mm Driver,BTv5.4 (Pearl Black)
2025-11-20 18:58:33,214 - INFO - Saved 8 new reviews for ASIN B0DGV56J6G.
2025-11-20 18:58:35,384 - INFO - Saved to product_data: boAt Nirvana Ion ANC Pro at 2799.0 INR, Rating: 4.0, Reviews: 19369
2025-11-20 18:58:35,384 - INFO - Saved to product_details: boAt Nirvana Ion ANC Pro, Hi-Res Audio LDAC,ANC(~32dB), 120Hrs Battery, App Support, Fast Charge, v5.3 Bluetooth TWS in Ear Earbuds Wireless Earphones with mic (Blazing Comet)
2025-11-20 18:58:35,385 - INFO - Saved 3 new reviews for ASIN 	B0DN171184.
2025-11-20 18:58:37,961 - INFO - Saved to product_data: Noise Newly Launched Air Buds Pro 6 at 2799.0 INR, Rating: 3.5, Reviews: 161
2025-11-20 18:58:37,962 - INFO - Saved to product_details: Noise Newly Launched Air Buds Pro 6 in Ear Truly Wireless Earbuds with Hybrid ANC (up to 49dB), LHDC with 12.4mm Titanium Driver, 50H of Playtime, Google Fast Pair, BT v5.3(Slate Black)
2025-11-20 18:58:37,963 - INFO - Saved 8 new reviews for ASIN B0DHH96NBB.
2025-11-20 18:58:40,036 - INFO - Saved to product_data: boAt Nirvana Ivy at 2999.0 INR, Rating: 3.8, Reviews: 742
2025-11-20 18:58:40,037 - INFO - Saved to product_details: boAt Nirvana Ivy, 50dB Hybrid Active Noise Cancellation, 360º Spatial Audio,Fast Charge,App Support, v5.3 Bluetooth Earbuds, TWS Ear Buds Wireless Earphones with mic (Gunmetal Black)
2025-11-20 18:58:40,038 - INFO - Saved 8 new reviews for ASIN 	B0DBHD2F5R.
2025-11-20 18:58:42,147 - INFO - Saved to product_data: Noise Newly Launched Air Clips 2 at 2999.0 INR, Rating: 3.3, Reviews: 225
2025-11-20 18:58:42,148 - INFO - Saved to product_details: Noise Newly Launched Air Clips 2 Wireless Open Ear Earbuds with Clip Design, AirWave™ Technology,Up-to 40H Playtime, Dual Device Pairing, ENC,12mm Driver,BTv5.3 (Frost Black)
2025-11-20 18:58:42,149 - INFO - Saved 8 new reviews for ASIN 	B0F673HNLP.
2025-11-20 18:58:44,515 - INFO - Saved to product_data: boAt Nirvana X TWS (2025) at 2948.0 INR, Rating: 3.9, Reviews: 827
2025-11-20 18:58:44,516 - INFO - Saved to product_details: boAt Nirvana X TWS (2025),Knowles Dual Drivers,Hi-Res Audio LDAC,App Support,4Mic ENx,Dual Pair,Spatial Audio,Fast Charge, Bluetooth Earbuds, TWS Ear Buds Wireless Earphones with mic (Cosmic Onyx)
2025-11-20 18:58:44,517 - INFO - Saved 7 new reviews for ASIN B0DQKY3R84.
2025-11-20 18:58:46,677 - INFO - Saved to product_data: Noise Newly Launched Air Buds 6 at 2999.0 INR, Rating: 3.9, Reviews: 3404
2025-11-20 18:58:46,678 - INFO - Saved to product_details: Noise Newly Launched Air Buds 6 in-Ear Bluetooth TWS - AI Enabled Smartbuds, ANC (up to 32db), Personalised App, in-Ear Detection, Voice Control, Google Fast Pair, BT v5.3(Pebble Grey)
2025-11-20 18:58:46,680 - INFO - Saved 6 new reviews for ASIN B0DGV55W2K.
2025-11-20 18:58:48,855 - INFO - Saved to product_data: Noise Newly Launched Air Buds Pro 6 in Ear Truly Wireless Earbuds with Hybrid ANC (up to 49dB) at 2799.0 INR, Rating: 3.5, Reviews: 161
2025-11-20 18:58:48,856 - INFO - Saved to product_details: Noise Newly Launched Air Buds Pro 6 in Ear Truly Wireless Earbuds with Hybrid ANC (up to 49dB), LHDC with 12.4mm Titanium Driver, 50H of Playtime, Google Fast Pair, BT v5.3(Petal Pink)
2025-11-20 18:58:48,858 - INFO - Saved 8 new reviews for ASIN B0DHHDW7FV.
